<?xml version="1.0" encoding="UTF-8"?>
<!-- Generated by org.testng.reporters.JUnitXMLReporter -->
<testsuite ignored="0" hostname="IN-HG6XTN3" failures="1" tests="12" name="Smoke Suite" time="235.029" errors="0" timestamp="2024-04-20T12:06:45 IST">
  <testcase classname="redbus_nagp_automation.testclass.SmokeTest" name="verifyAccountDetails" time="12.74"/>
  <testcase classname="redbus_nagp_automation.testclass.SmokeTest" name="verifyHelpPage" time="54.464">
    <skipped/>
  </testcase> <!-- verifyHelpPage -->
  <testcase classname="redbus_nagp_automation.testclass.SmokeTest" name="verifyBusSearch" time="85.749"/>
  <testcase classname="redbus_nagp_automation.testclass.SmokeTest" name="verifyHomePage" time="17.1"/>
  <testcase classname="redbus_nagp_automation.testclass.SmokeTest" name="verifyOffersPage" time="9.965"/>
  <testcase classname="redbus_nagp_automation.testclass.SmokeTest" name="verifyHelpPage" time="52.386">
    <skipped/>
  </testcase> <!-- verifyHelpPage -->
  <testcase classname="redbus_nagp_automation.testclass.SmokeTest" name="verifyRedRailPage" time="8.244"/>
  <testcase classname="redbus_nagp_automation.testclass.SmokeTest" name="verifySearchedBusDetails" time="17.664"/>
  <testcase classname="redbus_nagp_automation.testclass.SmokeTest" name="verifyTrainSearch" time="19.907">
    <skipped/>
  </testcase> <!-- verifyTrainSearch -->
  <testcase classname="redbus_nagp_automation.testclass.SmokeTest" name="verifyHelpPage" time="53.906">
    <skipped/>
  </testcase> <!-- verifyHelpPage -->
  <testcase classname="redbus_nagp_automation.testclass.SmokeTest" name="verifyTrainSearch" time="12.159"/>
  <testcase classname="redbus_nagp_automation.testclass.SmokeTest" name="verifyHelpPage" time="51.516">
    <skipped/>
  </testcase> <!-- verifyHelpPage -->
</testsuite> <!-- Smoke Suite -->
