<?xml version="1.0" encoding="UTF-8"?>
<!-- Generated by org.testng.reporters.JUnitXMLReporter -->
<testsuite ignored="7" hostname="IN-HG6XTN3" failures="0" tests="1" name="Smoke Suite" time="88.448" errors="0" timestamp="2024-04-21T14:36:46 IST">
  <testcase classname="redbus_nagp_automation.testclass.SmokeTest" name="verifyBusSearch" time="87.84"/>
  <testcase classname="redbus_nagp_automation.testclass.SmokeTest" name="verifyTrainSearch" time="0.0">
    <ignored/>
  </testcase> <!-- verifyTrainSearch -->
  <testcase classname="redbus_nagp_automation.testclass.SmokeTest" name="verifyOffersPage" time="0.0">
    <ignored/>
  </testcase> <!-- verifyOffersPage -->
  <testcase classname="redbus_nagp_automation.testclass.SmokeTest" name="verifyRedRailPage" time="0.0">
    <ignored/>
  </testcase> <!-- verifyRedRailPage -->
  <testcase classname="redbus_nagp_automation.testclass.SmokeTest" name="verifyHomePage" time="0.0">
    <ignored/>
  </testcase> <!-- verifyHomePage -->
  <testcase classname="redbus_nagp_automation.testclass.SmokeTest" name="verifyHelpPage" time="0.0">
    <ignored/>
  </testcase> <!-- verifyHelpPage -->
  <testcase classname="redbus_nagp_automation.testclass.SmokeTest" name="verifySearchedBusDetails" time="0.0">
    <ignored/>
  </testcase> <!-- verifySearchedBusDetails -->
  <testcase classname="redbus_nagp_automation.testclass.SmokeTest" name="verifyAccountDetails" time="0.0">
    <ignored/>
  </testcase> <!-- verifyAccountDetails -->
</testsuite> <!-- Smoke Suite -->
