<?xml version="1.0" encoding="UTF-8"?>
<!-- Generated by org.testng.reporters.JUnitXMLReporter -->
<testsuite ignored="0" hostname="IN-HG6XTN3" failures="0" tests="3" name="Smoke Suite" time="44.506" errors="0" timestamp="2024-10-04T12:40:15 IST">
  <testcase classname="redbus_nagp_automation.testclass.SmokeTest" name="verifyOffersPage" time="18.889"/>
  <testcase classname="redbus_nagp_automation.testclass.SmokeTest" name="verifyHelpPage" time="33.204"/>
  <testcase classname="redbus_nagp_automation.testclass.SmokeTest" name="verifyRedRailPage" time="25.041"/>
</testsuite> <!-- Smoke Suite -->
