<?xml version="1.0" encoding="UTF-8"?>
<testng-results ignored="0" total="3" passed="3" failed="0" skipped="0">
  <reporter-output>
  </reporter-output>
  <suite started-at="2024-10-04T12:39:30 IST" name="ParallelSuite" finished-at="2024-10-04T12:40:15 IST" duration-ms="44506">
    <groups>
      <group name="smoke">
        <method signature="SmokeTest.verifyHelpPage()[pri:0, instance:redbus_nagp_automation.testclass.SmokeTest@74cec793]" name="verifyHelpPage" class="redbus_nagp_automation.testclass.SmokeTest"/>
        <method signature="SmokeTest.verifyOffersPage()[pri:0, instance:redbus_nagp_automation.testclass.SmokeTest@74cec793]" name="verifyOffersPage" class="redbus_nagp_automation.testclass.SmokeTest"/>
        <method signature="SmokeTest.verifyRedRailPage()[pri:0, instance:redbus_nagp_automation.testclass.SmokeTest@74cec793]" name="verifyRedRailPage" class="redbus_nagp_automation.testclass.SmokeTest"/>
      </group> <!-- smoke -->
    </groups>
    <test started-at="2024-10-04T12:39:30 IST" name="Smoke Suite" finished-at="2024-10-04T12:40:15 IST" duration-ms="44506">
      <class name="redbus_nagp_automation.testclass.SmokeTest">
        <test-method is-config="true" signature="setUpReport()[pri:0, instance:redbus_nagp_automation.testclass.SmokeTest@74cec793]" started-at="2024-10-04T12:39:30 IST" name="setUpReport" finished-at="2024-10-04T12:39:30 IST" duration-ms="225" status="PASS">
          <reporter-output>
          </reporter-output>
        </test-method> <!-- setUpReport -->
        <test-method signature="verifyHelpPage()[pri:0, instance:redbus_nagp_automation.testclass.SmokeTest@74cec793]" started-at="2024-10-04T12:39:30 IST" name="verifyHelpPage" description="Verify Help Page" finished-at="2024-10-04T12:40:04 IST" duration-ms="33204" status="PASS">
          <reporter-output>
          </reporter-output>
        </test-method> <!-- verifyHelpPage -->
        <test-method signature="verifyOffersPage()[pri:0, instance:redbus_nagp_automation.testclass.SmokeTest@74cec793]" started-at="2024-10-04T12:39:30 IST" name="verifyOffersPage" description="Verify Offers Page" finished-at="2024-10-04T12:39:49 IST" duration-ms="18889" status="PASS">
          <reporter-output>
          </reporter-output>
        </test-method> <!-- verifyOffersPage -->
        <test-method is-config="true" signature="getResult(org.testng.ITestResult)[pri:0, instance:redbus_nagp_automation.testclass.SmokeTest@74cec793]" started-at="2024-10-04T12:39:49 IST" name="getResult" finished-at="2024-10-04T12:39:49 IST" duration-ms="12" status="PASS">
          <params>
            <param index="0">
              <value>
                <![CDATA[[TestResult name=verifyOffersPage status=SUCCESS method=SmokeTest.verifyOffersPage()[pri:0, instance:redbus_nagp_automation.testclass.SmokeTest@74cec793] output={null}]]]>
              </value>
            </param>
          </params>
          <reporter-output>
          </reporter-output>
        </test-method> <!-- getResult -->
        <test-method is-config="true" signature="tearDown()[pri:0, instance:redbus_nagp_automation.testclass.SmokeTest@74cec793]" started-at="2024-10-04T12:39:49 IST" name="tearDown" finished-at="2024-10-04T12:39:50 IST" duration-ms="276" status="PASS">
          <reporter-output>
          </reporter-output>
        </test-method> <!-- tearDown -->
        <test-method signature="verifyRedRailPage()[pri:0, instance:redbus_nagp_automation.testclass.SmokeTest@74cec793]" started-at="2024-10-04T12:39:50 IST" name="verifyRedRailPage" description="Verify Train page elements" finished-at="2024-10-04T12:40:15 IST" duration-ms="25041" status="PASS">
          <reporter-output>
          </reporter-output>
        </test-method> <!-- verifyRedRailPage -->
        <test-method is-config="true" signature="getResult(org.testng.ITestResult)[pri:0, instance:redbus_nagp_automation.testclass.SmokeTest@74cec793]" started-at="2024-10-04T12:40:04 IST" name="getResult" finished-at="2024-10-04T12:40:04 IST" duration-ms="1" status="PASS">
          <params>
            <param index="0">
              <value>
                <![CDATA[[TestResult name=verifyHelpPage status=SUCCESS method=SmokeTest.verifyHelpPage()[pri:0, instance:redbus_nagp_automation.testclass.SmokeTest@74cec793] output={null}]]]>
              </value>
            </param>
          </params>
          <reporter-output>
          </reporter-output>
        </test-method> <!-- getResult -->
        <test-method is-config="true" signature="tearDown()[pri:0, instance:redbus_nagp_automation.testclass.SmokeTest@74cec793]" started-at="2024-10-04T12:40:04 IST" name="tearDown" finished-at="2024-10-04T12:40:04 IST" duration-ms="235" status="PASS">
          <reporter-output>
          </reporter-output>
        </test-method> <!-- tearDown -->
        <test-method is-config="true" signature="getResult(org.testng.ITestResult)[pri:0, instance:redbus_nagp_automation.testclass.SmokeTest@74cec793]" started-at="2024-10-04T12:40:15 IST" name="getResult" finished-at="2024-10-04T12:40:15 IST" duration-ms="0" status="PASS">
          <params>
            <param index="0">
              <value>
                <![CDATA[[TestResult name=verifyRedRailPage status=SUCCESS method=SmokeTest.verifyRedRailPage()[pri:0, instance:redbus_nagp_automation.testclass.SmokeTest@74cec793] output={null}]]]>
              </value>
            </param>
          </params>
          <reporter-output>
          </reporter-output>
        </test-method> <!-- getResult -->
        <test-method is-config="true" signature="tearDown()[pri:0, instance:redbus_nagp_automation.testclass.SmokeTest@74cec793]" started-at="2024-10-04T12:40:15 IST" name="tearDown" finished-at="2024-10-04T12:40:15 IST" duration-ms="238" status="PASS">
          <reporter-output>
          </reporter-output>
        </test-method> <!-- tearDown -->
        <test-method is-config="true" signature="flushReport()[pri:0, instance:redbus_nagp_automation.testclass.SmokeTest@74cec793]" started-at="2024-10-04T12:40:15 IST" name="flushReport" finished-at="2024-10-04T12:40:15 IST" duration-ms="354" status="PASS">
          <reporter-output>
          </reporter-output>
        </test-method> <!-- flushReport -->
      </class> <!-- redbus_nagp_automation.testclass.SmokeTest -->
    </test> <!-- Smoke Suite -->
  </suite> <!-- ParallelSuite -->
</testng-results>
